<?xml version="1.0" encoding="UTF-8"?>
<!-- Generated by org.testng.reporters.JUnitReportReporter -->
<testsuite hostname="LAPTOP-BB9R4924" failures="0" tests="14" name="com.cg.demo.testcase.ApplicationTest" time="0.012" errors="1" timestamp="06 Sep 2025 06:30:36 GMT" skipped="13">
  <testcase classname="com.cg.demo.testcase.ApplicationTest" name="launchBrowserTest" time="0.000">
    <skipped/>
  </testcase> <!-- launchBrowserTest -->
  <testcase classname="com.cg.demo.testcase.ApplicationTest" name="launchBrowser" time="0.012">
    <error message="Cannot invoke &quot;org.openqa.selenium.WebDriver.manage()&quot; because &quot;com.cg.demo.launch.LoadDriver.driver&quot; is null" type="java.lang.NullPointerException">
      <![CDATA[java.lang.NullPointerException: Cannot invoke "org.openqa.selenium.WebDriver.manage()" because "com.cg.demo.launch.LoadDriver.driver" is null
at com.cg.demo.launch.LoadDriver.loadBrowser(LoadDriver.java:29)
at com.cg.demo.testcase.ApplicationTest.launchBrowser(ApplicationTest.java:46)
at java.base/jdk.internal.reflect.DirectMethodHandleAccessor.invoke(DirectMethodHandleAccessor.java:103)
at java.base/java.lang.reflect.Method.invoke(Method.java:580)
at org.testng.internal.MethodInvocationHelper.invokeMethod(MethodInvocationHelper.java:124)
at org.testng.internal.MethodInvocationHelper.invokeMethodConsideringTimeout(MethodInvocationHelper.java:59)
at org.testng.internal.Invoker.invokeConfigurationMethod(Invoker.java:458)
at org.testng.internal.Invoker.invokeConfigurations(Invoker.java:222)
at org.testng.internal.Invoker.invokeConfigurations(Invoker.java:142)
at org.testng.internal.TestMethodWorker.invokeBeforeClassMethods(TestMethodWorker.java:168)
at org.testng.internal.TestMethodWorker.run(TestMethodWorker.java:105)
at org.testng.TestRunner.privateRun(TestRunner.java:648)
at org.testng.TestRunner.run(TestRunner.java:505)
at org.testng.SuiteRunner.runTest(SuiteRunner.java:455)
at org.testng.SuiteRunner.runSequentially(SuiteRunner.java:450)
at org.testng.SuiteRunner.privateRun(SuiteRunner.java:415)
at org.testng.SuiteRunner.run(SuiteRunner.java:364)
at org.testng.SuiteRunnerWorker.runSuite(SuiteRunnerWorker.java:52)
at org.testng.SuiteRunnerWorker.run(SuiteRunnerWorker.java:84)
at org.testng.TestNG.runSuitesSequentially(TestNG.java:1208)
at org.testng.TestNG.runSuitesLocally(TestNG.java:1137)
at org.testng.TestNG.runSuites(TestNG.java:1049)
at org.testng.TestNG.run(TestNG.java:1017)
at org.testng.remote.AbstractRemoteTestNG.run(AbstractRemoteTestNG.java:115)
at org.testng.remote.RemoteTestNG.initAndRun(RemoteTestNG.java:293)
at org.testng.remote.RemoteTestNG.main(RemoteTestNG.java:91)
]]>
    </error>
  </testcase> <!-- launchBrowser -->
  <testcase classname="com.cg.demo.testcase.ApplicationTest" name="login" time="0.000">
    <skipped/>
  </testcase> <!-- login -->
  <testcase classname="com.cg.demo.testcase.ApplicationTest" name="browseProduct" time="0.000">
    <skipped/>
  </testcase> <!-- browseProduct -->
  <testcase classname="com.cg.demo.testcase.ApplicationTest" name="addProductToCart" time="0.000">
    <skipped/>
  </testcase> <!-- addProductToCart -->
  <testcase classname="com.cg.demo.testcase.ApplicationTest" name="addProductToCart" time="0.000">
    <skipped/>
  </testcase> <!-- addProductToCart -->
  <testcase classname="com.cg.demo.testcase.ApplicationTest" name="addProductToCart" time="0.000">
    <skipped/>
  </testcase> <!-- addProductToCart -->
  <testcase classname="com.cg.demo.testcase.ApplicationTest" name="addProductToCart" time="0.000">
    <skipped/>
  </testcase> <!-- addProductToCart -->
  <testcase classname="com.cg.demo.testcase.ApplicationTest" name="nevigateToCheckout" time="0.000">
    <skipped/>
  </testcase> <!-- nevigateToCheckout -->
  <testcase classname="com.cg.demo.testcase.ApplicationTest" name="enterAddress" time="0.000">
    <skipped/>
  </testcase> <!-- enterAddress -->
  <testcase classname="com.cg.demo.testcase.ApplicationTest" name="enterAddress" time="0.000">
    <skipped/>
  </testcase> <!-- enterAddress -->
  <testcase classname="com.cg.demo.testcase.ApplicationTest" name="enterDeliveryDetails" time="0.000">
    <skipped/>
  </testcase> <!-- enterDeliveryDetails -->
  <testcase classname="com.cg.demo.testcase.ApplicationTest" name="enterDeliveryMethod" time="0.000">
    <skipped/>
  </testcase> <!-- enterDeliveryMethod -->
  <testcase classname="com.cg.demo.testcase.ApplicationTest" name="acceptTerms" time="0.000">
    <skipped/>
  </testcase> <!-- acceptTerms -->
</testsuite> <!-- com.cg.demo.testcase.ApplicationTest -->
