<!DOCTYPE html PUBLIC "-//W3C//DTD XHTML 1.1//EN" "https://www.w3.org/TR/xhtml11/DTD/xhtml11.dtd">
<html xmlns="https://www.w3.org/1999/xhtml">
<head>
<meta http-equiv="content-type" content="text/html; charset=UTF-8"/>
<title>TestNG Report</title>
<style type="text/css">table {margin-bottom:10px;border-collapse:collapse;empty-cells:show}th,td {border:1px solid #009;padding:.25em .5em}th {vertical-align:bottom}td {vertical-align:top}table a {font-weight:bold}.stripe td {background-color: #E6EBF9}.num {text-align:right}.passedodd td {background-color: #3F3}.passedeven td {background-color: #0A0}.skippedodd td {background-color: #DDD}.skippedeven td {background-color: #CCC}.failedodd td,.attn {background-color: #F33}.failedeven td,.stripe .attn {background-color: #D00}.stacktrace {white-space:pre;font-family:monospace}.totop {font-size:85%;text-align:center;border-bottom:2px solid #000}.invisible {display:none}</style>
</head>
<body>
<table>
<tr><th>Test</th><th># Passed</th><th># Skipped</th><th># Retried</th><th># Failed</th><th>Time (ms)</th><th>Included Groups</th><th>Excluded Groups</th></tr>
<tr><th colspan="8">Suite</th></tr>
<tr><td><a href="#t0">Test</a></td><td class="num">0</td><td class="num attn">9</td><td class="num">0</td><td class="num attn">1</td><td class="num">26,713</td><td></td><td></td></tr>
</table>
<table id='summary'><thead><tr><th>Class</th><th>Method</th><th>Start</th><th>Time (ms)</th></tr></thead><tbody><tr><th colspan="4">Suite</th></tr></tbody><tbody id="t0"><tr><th colspan="4">Test &#8212; failed (configuration methods)</th></tr><tr class="failedeven"><td rowspan="1">testCases.TC01_AccountRegistrationTest</td><td><a href="#m0">setup</a></td><td rowspan="1">1757158367888</td><td rowspan="1">5082</td></tr><tr class="failedodd"><td rowspan="1">testCases.TC02_LoginTest</td><td><a href="#m1">setup</a></td><td rowspan="1">1757158362565</td><td rowspan="1">5134</td></tr><tr class="failedeven"><td rowspan="1">testCases.TC03_SearchTest</td><td><a href="#m2">setup</a></td><td rowspan="1">1757158359802</td><td rowspan="1">2588</td></tr><tr class="failedodd"><td rowspan="1">testCases.TC04_LoginDDT</td><td><a href="#m3">setup</a></td><td rowspan="1">1757158357325</td><td rowspan="1">2079</td></tr><tr class="failedeven"><td rowspan="1">testCases.TC05_BrokenLink</td><td><a href="#m4">setup</a></td><td rowspan="1">1757158354800</td><td rowspan="1">2487</td></tr><tr class="failedodd"><td rowspan="1">testCases.TC06_TestHoverAndClickAction</td><td><a href="#m5">setup</a></td><td rowspan="1">1757158352743</td><td rowspan="1">2022</td></tr><tr class="failedeven"><td rowspan="1">testCases.TC07_AddToCartTest</td><td><a href="#m6">setup</a></td><td rowspan="1">1757158350949</td><td rowspan="1">1767</td></tr><tr class="failedodd"><td rowspan="1">testCases.TC08_HomePageLogo</td><td><a href="#m7">setup</a></td><td rowspan="1">1757158346358</td><td rowspan="1">4476</td></tr><tr><th colspan="4">Test &#8212; failed</th></tr><tr class="failedeven"><td rowspan="1">testCases.TC04_LoginDDT</td><td><a href="#m8">Verify_LoginSST</a></td><td rowspan="1">1757158359428</td><td rowspan="1">0</td></tr><tr><th colspan="4">Test &#8212; skipped (configuration methods)</th></tr><tr class="skippedeven"><td rowspan="1">testCases.TC01_AccountRegistrationTest</td><td><a href="#m9">teardown</a></td><td rowspan="1">1757158373029</td><td rowspan="1">0</td></tr><tr class="skippedodd"><td rowspan="1">testCases.TC02_LoginTest</td><td><a href="#m10">teardown</a></td><td rowspan="1">1757158367857</td><td rowspan="1">0</td></tr><tr class="skippedeven"><td rowspan="1">testCases.TC03_SearchTest</td><td><a href="#m11">teardown</a></td><td rowspan="1">1757158362562</td><td rowspan="1">0</td></tr><tr class="skippedodd"><td rowspan="1">testCases.TC04_LoginDDT</td><td><a href="#m12">teardown</a></td><td rowspan="1">1757158359799</td><td rowspan="1">0</td></tr><tr class="skippedeven"><td rowspan="1">testCases.TC05_BrokenLink</td><td><a href="#m13">teardown</a></td><td rowspan="1">1757158357323</td><td rowspan="1">0</td></tr><tr class="skippedodd"><td rowspan="1">testCases.TC06_TestHoverAndClickAction</td><td><a href="#m14">teardown</a></td><td rowspan="1">1757158354794</td><td rowspan="1">0</td></tr><tr class="skippedeven"><td rowspan="1">testCases.TC07_AddToCartTest</td><td><a href="#m15">teardown</a></td><td rowspan="1">1757158352739</td><td rowspan="1">0</td></tr><tr class="skippedodd"><td rowspan="1">testCases.TC08_HomePageLogo</td><td><a href="#m16">teardown</a></td><td rowspan="1">1757158350936</td><td rowspan="1">0</td></tr><tr><th colspan="4">Test &#8212; skipped</th></tr><tr class="skippedeven"><td rowspan="1">testCases.TC01_AccountRegistrationTest</td><td><a href="#m17">Verifry_Account_Registration</a></td><td rowspan="1">1757158372994</td><td rowspan="1">0</td></tr><tr class="skippedodd"><td rowspan="1">testCases.TC02_LoginTest</td><td><a href="#m18">verify_Login</a></td><td rowspan="1">1757158367829</td><td rowspan="1">0</td></tr><tr class="skippedeven"><td rowspan="3">testCases.TC03_SearchTest</td><td><a href="#m19">testSearchFunctionality</a></td><td rowspan="3">1757158362534</td><td rowspan="3">0</td></tr><tr class="skippedeven"><td><a href="#m20">testSearchFunctionality</a></td></tr><tr class="skippedeven"><td><a href="#m21">testSearchFunctionality</a></td></tr><tr class="skippedodd"><td rowspan="1">testCases.TC05_BrokenLink</td><td><a href="#m22">validateBrokenLinks</a></td><td rowspan="1">1757158357294</td><td rowspan="1">0</td></tr><tr class="skippedeven"><td rowspan="1">testCases.TC06_TestHoverAndClickAction</td><td><a href="#m23">testHoverAndClick</a></td><td rowspan="1">1757158354777</td><td rowspan="1">0</td></tr><tr class="skippedodd"><td rowspan="1">testCases.TC07_AddToCartTest</td><td><a href="#m24">testCartItemDetails</a></td><td rowspan="1">1757158352730</td><td rowspan="1">0</td></tr><tr class="skippedeven"><td rowspan="1">testCases.TC08_HomePageLogo</td><td><a href="#m25">Methofname</a></td><td rowspan="1">1757158350897</td><td rowspan="1">0</td></tr></tbody>
</table>
<h2>Test</h2><h3 id="m0">testCases.TC01_AccountRegistrationTest#setup</h3><table class="result"><tr class="param"><th>Parameter #1</th></tr><tr class="param stripe"><td>chrome</td></tr><tr><th>Exception</th></tr><tr><td><div class="stacktrace">java.lang.NullPointerException
	at java.base/java.util.Objects.requireNonNull(Objects.java:233)
	at java.base/java.util.ImmutableCollections$Map1.&lt;init&gt;(ImmutableCollections.java:1112)
	at java.base/java.util.Map.of(Map.java:1365)
	at org.openqa.selenium.remote.DriverCommand.GET(DriverCommand.java:180)
	at org.openqa.selenium.remote.RemoteWebDriver.get(RemoteWebDriver.java:313)
	at testBase.BaseClass.setup(BaseClass.java:84)
	at java.base/java.util.ArrayList.forEach(ArrayList.java:1596)
... Removed 23 stack frames</div></td></tr></table><p class="totop"><a href="#summary">back to summary</a></p>
<h3 id="m1">testCases.TC02_LoginTest#setup</h3><table class="result"><tr class="param"><th>Parameter #1</th></tr><tr class="param stripe"><td>chrome</td></tr><tr><th>Exception</th></tr><tr><td><div class="stacktrace">java.lang.NullPointerException
	at java.base/java.util.Objects.requireNonNull(Objects.java:233)
	at java.base/java.util.ImmutableCollections$Map1.&lt;init&gt;(ImmutableCollections.java:1112)
	at java.base/java.util.Map.of(Map.java:1365)
	at org.openqa.selenium.remote.DriverCommand.GET(DriverCommand.java:180)
	at org.openqa.selenium.remote.RemoteWebDriver.get(RemoteWebDriver.java:313)
	at testBase.BaseClass.setup(BaseClass.java:84)
	at java.base/java.util.ArrayList.forEach(ArrayList.java:1596)
... Removed 23 stack frames</div></td></tr></table><p class="totop"><a href="#summary">back to summary</a></p>
<h3 id="m2">testCases.TC03_SearchTest#setup</h3><table class="result"><tr class="param"><th>Parameter #1</th></tr><tr class="param stripe"><td>chrome</td></tr><tr><th>Exception</th></tr><tr><td><div class="stacktrace">java.lang.NullPointerException
	at java.base/java.util.Objects.requireNonNull(Objects.java:233)
	at java.base/java.util.ImmutableCollections$Map1.&lt;init&gt;(ImmutableCollections.java:1112)
	at java.base/java.util.Map.of(Map.java:1365)
	at org.openqa.selenium.remote.DriverCommand.GET(DriverCommand.java:180)
	at org.openqa.selenium.remote.RemoteWebDriver.get(RemoteWebDriver.java:313)
	at testBase.BaseClass.setup(BaseClass.java:84)
	at java.base/java.util.ArrayList.forEach(ArrayList.java:1596)
... Removed 23 stack frames</div></td></tr></table><p class="totop"><a href="#summary">back to summary</a></p>
<h3 id="m3">testCases.TC04_LoginDDT#setup</h3><table class="result"><tr class="param"><th>Parameter #1</th></tr><tr class="param stripe"><td>chrome</td></tr><tr><th>Exception</th></tr><tr><td><div class="stacktrace">java.lang.NullPointerException
	at java.base/java.util.Objects.requireNonNull(Objects.java:233)
	at java.base/java.util.ImmutableCollections$Map1.&lt;init&gt;(ImmutableCollections.java:1112)
	at java.base/java.util.Map.of(Map.java:1365)
	at org.openqa.selenium.remote.DriverCommand.GET(DriverCommand.java:180)
	at org.openqa.selenium.remote.RemoteWebDriver.get(RemoteWebDriver.java:313)
	at testBase.BaseClass.setup(BaseClass.java:84)
	at java.base/java.util.ArrayList.forEach(ArrayList.java:1596)
... Removed 23 stack frames</div></td></tr></table><p class="totop"><a href="#summary">back to summary</a></p>
<h3 id="m4">testCases.TC05_BrokenLink#setup</h3><table class="result"><tr class="param"><th>Parameter #1</th></tr><tr class="param stripe"><td>chrome</td></tr><tr><th>Exception</th></tr><tr><td><div class="stacktrace">java.lang.NullPointerException
	at java.base/java.util.Objects.requireNonNull(Objects.java:233)
	at java.base/java.util.ImmutableCollections$Map1.&lt;init&gt;(ImmutableCollections.java:1112)
	at java.base/java.util.Map.of(Map.java:1365)
	at org.openqa.selenium.remote.DriverCommand.GET(DriverCommand.java:180)
	at org.openqa.selenium.remote.RemoteWebDriver.get(RemoteWebDriver.java:313)
	at testBase.BaseClass.setup(BaseClass.java:84)
	at java.base/java.util.ArrayList.forEach(ArrayList.java:1596)
... Removed 23 stack frames</div></td></tr></table><p class="totop"><a href="#summary">back to summary</a></p>
<h3 id="m5">testCases.TC06_TestHoverAndClickAction#setup</h3><table class="result"><tr class="param"><th>Parameter #1</th></tr><tr class="param stripe"><td>chrome</td></tr><tr><th>Exception</th></tr><tr><td><div class="stacktrace">java.lang.NullPointerException
	at java.base/java.util.Objects.requireNonNull(Objects.java:233)
	at java.base/java.util.ImmutableCollections$Map1.&lt;init&gt;(ImmutableCollections.java:1112)
	at java.base/java.util.Map.of(Map.java:1365)
	at org.openqa.selenium.remote.DriverCommand.GET(DriverCommand.java:180)
	at org.openqa.selenium.remote.RemoteWebDriver.get(RemoteWebDriver.java:313)
	at testBase.BaseClass.setup(BaseClass.java:84)
	at java.base/java.util.ArrayList.forEach(ArrayList.java:1596)
... Removed 23 stack frames</div></td></tr></table><p class="totop"><a href="#summary">back to summary</a></p>
<h3 id="m6">testCases.TC07_AddToCartTest#setup</h3><table class="result"><tr class="param"><th>Parameter #1</th></tr><tr class="param stripe"><td>chrome</td></tr><tr><th>Exception</th></tr><tr><td><div class="stacktrace">java.lang.NullPointerException
	at java.base/java.util.Objects.requireNonNull(Objects.java:233)
	at java.base/java.util.ImmutableCollections$Map1.&lt;init&gt;(ImmutableCollections.java:1112)
	at java.base/java.util.Map.of(Map.java:1365)
	at org.openqa.selenium.remote.DriverCommand.GET(DriverCommand.java:180)
	at org.openqa.selenium.remote.RemoteWebDriver.get(RemoteWebDriver.java:313)
	at testBase.BaseClass.setup(BaseClass.java:84)
	at java.base/java.util.ArrayList.forEach(ArrayList.java:1596)
... Removed 23 stack frames</div></td></tr></table><p class="totop"><a href="#summary">back to summary</a></p>
<h3 id="m7">testCases.TC08_HomePageLogo#setup</h3><table class="result"><tr class="param"><th>Parameter #1</th></tr><tr class="param stripe"><td>chrome</td></tr><tr><th>Exception</th></tr><tr><td><div class="stacktrace">java.lang.NullPointerException
	at java.base/java.util.Objects.requireNonNull(Objects.java:233)
	at java.base/java.util.ImmutableCollections$Map1.&lt;init&gt;(ImmutableCollections.java:1112)
	at java.base/java.util.Map.of(Map.java:1365)
	at org.openqa.selenium.remote.DriverCommand.GET(DriverCommand.java:180)
	at org.openqa.selenium.remote.RemoteWebDriver.get(RemoteWebDriver.java:313)
	at testBase.BaseClass.setup(BaseClass.java:84)
	at java.base/java.util.ArrayList.forEach(ArrayList.java:1596)
... Removed 23 stack frames</div></td></tr></table><p class="totop"><a href="#summary">back to summary</a></p>
<h3 id="m8">testCases.TC04_LoginDDT#Verify_LoginSST</h3><table class="result"><tr><th>Exception</th></tr><tr><td><div class="stacktrace">java.lang.RuntimeException: java.io.FileNotFoundException: D:\Hybrid_Framework_Project\TutorialsNinja_TestAutomationFramework\testData\TestData.xlsx (The system cannot find the path specified)
	at java.base/java.util.ArrayList.forEach(ArrayList.java:1596)
Caused by: java.io.FileNotFoundException: D:\Hybrid_Framework_Project\TutorialsNinja_TestAutomationFramework\testData\TestData.xlsx (The system cannot find the path specified)
	at java.base/java.io.FileInputStream.open0(Native Method)
	at java.base/java.io.FileInputStream.open(FileInputStream.java:213)
	at java.base/java.io.FileInputStream.&lt;init&gt;(FileInputStream.java:152)
	at java.base/java.io.FileInputStream.&lt;init&gt;(FileInputStream.java:106)
	at utilities.ExcelUtility.getRowCount(ExcelUtility.java:36)
	at testCases.TC04_LoginDDT.getData(TC04_LoginDDT.java:79)
	... 25 more
... Removed 30 stack frames</div></td></tr></table><p class="totop"><a href="#summary">back to summary</a></p>
<h3 id="m9">testCases.TC01_AccountRegistrationTest#teardown</h3><table class="result"><tr><th class="invisible"/></tr></table><p class="totop"><a href="#summary">back to summary</a></p>
<h3 id="m10">testCases.TC02_LoginTest#teardown</h3><table class="result"><tr><th class="invisible"/></tr></table><p class="totop"><a href="#summary">back to summary</a></p>
<h3 id="m11">testCases.TC03_SearchTest#teardown</h3><table class="result"><tr><th class="invisible"/></tr></table><p class="totop"><a href="#summary">back to summary</a></p>
<h3 id="m12">testCases.TC04_LoginDDT#teardown</h3><table class="result"><tr><th class="invisible"/></tr></table><p class="totop"><a href="#summary">back to summary</a></p>
<h3 id="m13">testCases.TC05_BrokenLink#teardown</h3><table class="result"><tr><th class="invisible"/></tr></table><p class="totop"><a href="#summary">back to summary</a></p>
<h3 id="m14">testCases.TC06_TestHoverAndClickAction#teardown</h3><table class="result"><tr><th class="invisible"/></tr></table><p class="totop"><a href="#summary">back to summary</a></p>
<h3 id="m15">testCases.TC07_AddToCartTest#teardown</h3><table class="result"><tr><th class="invisible"/></tr></table><p class="totop"><a href="#summary">back to summary</a></p>
<h3 id="m16">testCases.TC08_HomePageLogo#teardown</h3><table class="result"><tr><th class="invisible"/></tr></table><p class="totop"><a href="#summary">back to summary</a></p>
<h3 id="m17">testCases.TC01_AccountRegistrationTest#Verifry_Account_Registration</h3><table class="result"><tr><th>Exception</th></tr><tr><td><div class="stacktrace">java.lang.NullPointerException
	at java.base/java.util.Objects.requireNonNull(Objects.java:233)
	at java.base/java.util.ImmutableCollections$Map1.&lt;init&gt;(ImmutableCollections.java:1112)
	at java.base/java.util.Map.of(Map.java:1365)
	at org.openqa.selenium.remote.DriverCommand.GET(DriverCommand.java:180)
	at org.openqa.selenium.remote.RemoteWebDriver.get(RemoteWebDriver.java:313)
	at testBase.BaseClass.setup(BaseClass.java:84)
	at java.base/java.util.ArrayList.forEach(ArrayList.java:1596)
... Removed 23 stack frames</div></td></tr></table><p class="totop"><a href="#summary">back to summary</a></p>
<h3 id="m18">testCases.TC02_LoginTest#verify_Login</h3><table class="result"><tr><th>Exception</th></tr><tr><td><div class="stacktrace">java.lang.NullPointerException
	at java.base/java.util.Objects.requireNonNull(Objects.java:233)
	at java.base/java.util.ImmutableCollections$Map1.&lt;init&gt;(ImmutableCollections.java:1112)
	at java.base/java.util.Map.of(Map.java:1365)
	at org.openqa.selenium.remote.DriverCommand.GET(DriverCommand.java:180)
	at org.openqa.selenium.remote.RemoteWebDriver.get(RemoteWebDriver.java:313)
	at testBase.BaseClass.setup(BaseClass.java:84)
	at java.base/java.util.ArrayList.forEach(ArrayList.java:1596)
... Removed 23 stack frames</div></td></tr></table><p class="totop"><a href="#summary">back to summary</a></p>
<h3 id="m19">testCases.TC03_SearchTest#testSearchFunctionality</h3><table class="result"><tr class="param"><th>Parameter #1</th><th>Parameter #2</th></tr><tr class="param stripe"><td>Macbook</td><td>true</td></tr><tr><th colspan="2">Exception</th></tr><tr><td colspan="2"><div class="stacktrace">java.lang.NullPointerException
	at java.base/java.util.Objects.requireNonNull(Objects.java:233)
	at java.base/java.util.ImmutableCollections$Map1.&lt;init&gt;(ImmutableCollections.java:1112)
	at java.base/java.util.Map.of(Map.java:1365)
	at org.openqa.selenium.remote.DriverCommand.GET(DriverCommand.java:180)
	at org.openqa.selenium.remote.RemoteWebDriver.get(RemoteWebDriver.java:313)
	at testBase.BaseClass.setup(BaseClass.java:84)
	at java.base/java.util.ArrayList.forEach(ArrayList.java:1596)
... Removed 23 stack frames</div></td></tr></table><p class="totop"><a href="#summary">back to summary</a></p>
<h3 id="m20">testCases.TC03_SearchTest#testSearchFunctionality</h3><table class="result"><tr class="param"><th>Parameter #1</th><th>Parameter #2</th></tr><tr class="param stripe"><td>Samsung</td><td>true</td></tr><tr><th colspan="2">Exception</th></tr><tr><td colspan="2"><div class="stacktrace">java.lang.NullPointerException
	at java.base/java.util.Objects.requireNonNull(Objects.java:233)
	at java.base/java.util.ImmutableCollections$Map1.&lt;init&gt;(ImmutableCollections.java:1112)
	at java.base/java.util.Map.of(Map.java:1365)
	at org.openqa.selenium.remote.DriverCommand.GET(DriverCommand.java:180)
	at org.openqa.selenium.remote.RemoteWebDriver.get(RemoteWebDriver.java:313)
	at testBase.BaseClass.setup(BaseClass.java:84)
	at java.base/java.util.ArrayList.forEach(ArrayList.java:1596)
... Removed 23 stack frames</div></td></tr></table><p class="totop"><a href="#summary">back to summary</a></p>
<h3 id="m21">testCases.TC03_SearchTest#testSearchFunctionality</h3><table class="result"><tr class="param"><th>Parameter #1</th><th>Parameter #2</th></tr><tr class="param stripe"><td>iphone</td><td>true</td></tr><tr><th colspan="2">Exception</th></tr><tr><td colspan="2"><div class="stacktrace">java.lang.NullPointerException
	at java.base/java.util.Objects.requireNonNull(Objects.java:233)
	at java.base/java.util.ImmutableCollections$Map1.&lt;init&gt;(ImmutableCollections.java:1112)
	at java.base/java.util.Map.of(Map.java:1365)
	at org.openqa.selenium.remote.DriverCommand.GET(DriverCommand.java:180)
	at org.openqa.selenium.remote.RemoteWebDriver.get(RemoteWebDriver.java:313)
	at testBase.BaseClass.setup(BaseClass.java:84)
	at java.base/java.util.ArrayList.forEach(ArrayList.java:1596)
... Removed 23 stack frames</div></td></tr></table><p class="totop"><a href="#summary">back to summary</a></p>
<h3 id="m22">testCases.TC05_BrokenLink#validateBrokenLinks</h3><table class="result"><tr><th>Exception</th></tr><tr><td><div class="stacktrace">java.lang.NullPointerException
	at java.base/java.util.Objects.requireNonNull(Objects.java:233)
	at java.base/java.util.ImmutableCollections$Map1.&lt;init&gt;(ImmutableCollections.java:1112)
	at java.base/java.util.Map.of(Map.java:1365)
	at org.openqa.selenium.remote.DriverCommand.GET(DriverCommand.java:180)
	at org.openqa.selenium.remote.RemoteWebDriver.get(RemoteWebDriver.java:313)
	at testBase.BaseClass.setup(BaseClass.java:84)
	at java.base/java.util.ArrayList.forEach(ArrayList.java:1596)
... Removed 23 stack frames</div></td></tr></table><p class="totop"><a href="#summary">back to summary</a></p>
<h3 id="m23">testCases.TC06_TestHoverAndClickAction#testHoverAndClick</h3><table class="result"><tr><th>Exception</th></tr><tr><td><div class="stacktrace">java.lang.NullPointerException
	at java.base/java.util.Objects.requireNonNull(Objects.java:233)
	at java.base/java.util.ImmutableCollections$Map1.&lt;init&gt;(ImmutableCollections.java:1112)
	at java.base/java.util.Map.of(Map.java:1365)
	at org.openqa.selenium.remote.DriverCommand.GET(DriverCommand.java:180)
	at org.openqa.selenium.remote.RemoteWebDriver.get(RemoteWebDriver.java:313)
	at testBase.BaseClass.setup(BaseClass.java:84)
	at java.base/java.util.ArrayList.forEach(ArrayList.java:1596)
... Removed 23 stack frames</div></td></tr></table><p class="totop"><a href="#summary">back to summary</a></p>
<h3 id="m24">testCases.TC07_AddToCartTest#testCartItemDetails</h3><table class="result"><tr><th>Exception</th></tr><tr><td><div class="stacktrace">java.lang.NullPointerException
	at java.base/java.util.Objects.requireNonNull(Objects.java:233)
	at java.base/java.util.ImmutableCollections$Map1.&lt;init&gt;(ImmutableCollections.java:1112)
	at java.base/java.util.Map.of(Map.java:1365)
	at org.openqa.selenium.remote.DriverCommand.GET(DriverCommand.java:180)
	at org.openqa.selenium.remote.RemoteWebDriver.get(RemoteWebDriver.java:313)
	at testBase.BaseClass.setup(BaseClass.java:84)
	at java.base/java.util.ArrayList.forEach(ArrayList.java:1596)
... Removed 23 stack frames</div></td></tr></table><p class="totop"><a href="#summary">back to summary</a></p>
<h3 id="m25">testCases.TC08_HomePageLogo#Methofname</h3><table class="result"><tr><th>Exception</th></tr><tr><td><div class="stacktrace">java.lang.NullPointerException
	at java.base/java.util.Objects.requireNonNull(Objects.java:233)
	at java.base/java.util.ImmutableCollections$Map1.&lt;init&gt;(ImmutableCollections.java:1112)
	at java.base/java.util.Map.of(Map.java:1365)
	at org.openqa.selenium.remote.DriverCommand.GET(DriverCommand.java:180)
	at org.openqa.selenium.remote.RemoteWebDriver.get(RemoteWebDriver.java:313)
	at testBase.BaseClass.setup(BaseClass.java:84)
	at java.base/java.util.ArrayList.forEach(ArrayList.java:1596)
... Removed 23 stack frames</div></td></tr></table><p class="totop"><a href="#summary">back to summary</a></p>
</body>
</html>
